<?xml version="1.0" encoding="UTF-8"?>
<!-- Generated by org.testng.reporters.JUnitXMLReporter -->
<testsuite ignored="0" hostname="athulraj" failures="0" tests="4" name="Default test" time="1.932" errors="0" timestamp="2025-04-04T21:20:41 CEST">
  <testcase classname="allMySamplesPackage.HTTPRequests" name="getUsers" time="1.26"/>
  <testcase classname="allMySamplesPackage.HTTPRequests" name="createUser" time="0.304"/>
  <testcase classname="allMySamplesPackage.HTTPRequests" name="updateUser" time="0.145"/>
  <testcase classname="allMySamplesPackage.HTTPRequests" name="deleteUser" time="0.188"/>
</testsuite> <!-- Default test -->
