<?xml version="1.0" encoding="UTF-8"?>
<!-- Generated by org.testng.reporters.JUnitXMLReporter -->
<testsuite ignored="0" hostname="athulraj" failures="2" tests="10" name="Product Tests" time="8.183" errors="0" timestamp="2025-04-04T23:58:16 CEST">
  <testcase classname="com.framework.apiTestCases.ProductTests" name="testAddNewProduct" time="0.11">
    <failure type="java.lang.NumberFormatException" message="For input string: &amp;quot;45,33&amp;quot;">
      <![CDATA[java.lang.NumberFormatException: For input string: "45,33"
at java.base/jdk.internal.math.FloatingDecimal.readJavaFormatString(FloatingDecimal.java:2054)
at java.base/jdk.internal.math.FloatingDecimal.parseDouble(FloatingDecimal.java:110)
at java.base/java.lang.Double.parseDouble(Double.java:944)
at com.framework.payloads.Payload.productPayload(Payload.java:56)
at com.framework.apiTestCases.ProductTests.testAddNewProduct(ProductTests.java:146)
at java.base/java.util.ArrayList.forEach(ArrayList.java:1597)
at java.base/java.util.concurrent.FutureTask.run(FutureTask.java:317)
at java.base/java.util.concurrent.ThreadPoolExecutor.runWorker(ThreadPoolExecutor.java:1144)
at java.base/java.util.concurrent.ThreadPoolExecutor$Worker.run(ThreadPoolExecutor.java:642)
at java.base/java.lang.Thread.run(Thread.java:1575)
... Removed 15 stack frames]]>
    </failure>
  </testcase> <!-- testAddNewProduct -->
  <testcase classname="com.framework.apiTestCases.ProductTests" name="testDeleteProduct" time="1.876"/>
  <testcase classname="com.framework.apiTestCases.ProductTests" name="testGetAllCategories" time="0.462"/>
  <testcase classname="com.framework.apiTestCases.ProductTests" name="testGetAllProducts" time="0.479"/>
  <testcase classname="com.framework.apiTestCases.ProductTests" name="testGetLimitedProducts" time="1.166"/>
  <testcase classname="com.framework.apiTestCases.ProductTests" name="testGetProductsByCategory" time="1.185"/>
  <testcase classname="com.framework.apiTestCases.ProductTests" name="testGetSingleProductById" time="0.449"/>
  <testcase classname="com.framework.apiTestCases.ProductTests" name="testGetSortedProducts" time="1.394"/>
  <testcase classname="com.framework.apiTestCases.ProductTests" name="testGetSortedProductsAsc" time="0.57"/>
  <testcase classname="com.framework.apiTestCases.ProductTests" name="testUpdateProduct" time="0.002">
    <failure type="java.lang.NumberFormatException" message="For input string: &amp;quot;38,71&amp;quot;">
      <![CDATA[java.lang.NumberFormatException: For input string: "38,71"
at java.base/jdk.internal.math.FloatingDecimal.readJavaFormatString(FloatingDecimal.java:2054)
at java.base/jdk.internal.math.FloatingDecimal.parseDouble(FloatingDecimal.java:110)
at java.base/java.lang.Double.parseDouble(Double.java:944)
at com.framework.payloads.Payload.productPayload(Payload.java:56)
at com.framework.apiTestCases.ProductTests.testUpdateProduct(ProductTests.java:172)
at java.base/java.util.ArrayList.forEach(ArrayList.java:1597)
at java.base/java.util.concurrent.FutureTask.run(FutureTask.java:317)
at java.base/java.util.concurrent.ThreadPoolExecutor.runWorker(ThreadPoolExecutor.java:1144)
at java.base/java.util.concurrent.ThreadPoolExecutor$Worker.run(ThreadPoolExecutor.java:642)
at java.base/java.lang.Thread.run(Thread.java:1575)
... Removed 15 stack frames]]>
    </failure>
  </testcase> <!-- testUpdateProduct -->
</testsuite> <!-- Product Tests -->
