<?xml version="1.0" encoding="UTF-8"?>
<!-- Generated by org.testng.reporters.JUnitXMLReporter -->
<testsuite ignored="0" hostname="athulraj" failures="0" tests="3" name="Schema Tests" time="2.953" errors="0" timestamp="2025-04-04T23:58:20 CEST">
  <testcase classname="com.framework.apiTestCases.SchemaTests" name="testCartSchema" time="0.77"/>
  <testcase classname="com.framework.apiTestCases.SchemaTests" name="testProductSchema" time="0.47"/>
  <testcase classname="com.framework.apiTestCases.SchemaTests" name="testUserSchema" time="1.705"/>
</testsuite> <!-- Schema Tests -->
