<?xml version="1.0" encoding="UTF-8"?>
<!-- Generated by org.testng.reporters.JUnitXMLReporter -->
<testsuite ignored="0" hostname="athulraj" failures="0" tests="8" name="User Tests" time="7.598" errors="0" timestamp="2025-04-04T23:58:15 CEST">
  <testcase classname="com.framework.apiTestCases.UserTests" name="testCreateUser" time="1.889"/>
  <testcase classname="com.framework.apiTestCases.UserTests" name="testDeleteUser" time="1.183"/>
  <testcase classname="com.framework.apiTestCases.UserTests" name="testGetAllUsers" time="0.552"/>
  <testcase classname="com.framework.apiTestCases.UserTests" name="testGetUserById" time="1.143"/>
  <testcase classname="com.framework.apiTestCases.UserTests" name="testGetUsersSorted" time="0.548"/>
  <testcase classname="com.framework.apiTestCases.UserTests" name="testGetUsersSortedAsc" time="0.587"/>
  <testcase classname="com.framework.apiTestCases.UserTests" name="testGetUsersWithLimit" time="0.68"/>
  <testcase classname="com.framework.apiTestCases.UserTests" name="testUpdateUser" time="0.624"/>
</testsuite> <!-- User Tests -->
